[debug] [2020-05-07T08:00:46.368Z] ----------------------------------------------------------------------
[debug] [2020-05-07T08:00:46.373Z] Command:       C:\Program Files\nodejs\node.exe C:\Users\purna\AppData\Roaming\npm\node_modules\firebase-tools\lib\bin\firebase.js serve --only functions
[debug] [2020-05-07T08:00:46.374Z] CLI Version:   8.2.0
[debug] [2020-05-07T08:00:46.374Z] Platform:      win32
[debug] [2020-05-07T08:00:46.374Z] Node Version:  v14.1.0
[debug] [2020-05-07T08:00:46.375Z] Time:          Thu May 07 2020 13:30:46 GMT+0530 (India Standard Time)
[debug] [2020-05-07T08:00:46.376Z] ----------------------------------------------------------------------
[debug] [2020-05-07T08:00:46.376Z] 
[debug] [2020-05-07T08:00:46.407Z] > command requires scopes: ["email","openid","https://www.googleapis.com/auth/cloudplatformprojects.readonly","https://www.googleapis.com/auth/firebase","https://www.googleapis.com/auth/cloud-platform"]
[debug] [2020-05-07T08:00:46.408Z] > authorizing via signed-in user
[debug] [2020-05-07T08:00:46.409Z] [iam] checking project spring-internship for permissions ["firebase.projects.get"]
[debug] [2020-05-07T08:00:46.413Z] > refreshing access token with scopes: ["email","https://www.googleapis.com/auth/cloud-platform","https://www.googleapis.com/auth/cloudplatformprojects.readonly","https://www.googleapis.com/auth/firebase","openid"]
[debug] [2020-05-07T08:00:46.414Z] >>> HTTP REQUEST POST https://www.googleapis.com/oauth2/v3/token  
 <request body omitted>
[debug] [2020-05-07T08:00:46.775Z] <<< HTTP RESPONSE 200 {"content-type":"application/json; charset=utf-8","vary":"X-Origin, Referer, Origin,Accept-Encoding","date":"Thu, 07 May 2020 08:00:46 GMT","server":"scaffolding on HTTPServer2","cache-control":"private","x-xss-protection":"0","x-frame-options":"SAMEORIGIN","x-content-type-options":"nosniff","alt-svc":"h3-27=\":443\"; ma=2592000,h3-25=\":443\"; ma=2592000,h3-Q050=\":443\"; ma=2592000,h3-Q049=\":443\"; ma=2592000,h3-Q048=\":443\"; ma=2592000,h3-Q046=\":443\"; ma=2592000,h3-Q043=\":443\"; ma=2592000,quic=\":443\"; ma=2592000; v=\"46,43\"","accept-ranges":"none","transfer-encoding":"chunked"}
[debug] [2020-05-07T08:00:46.830Z] >>> HTTP REQUEST POST https://cloudresourcemanager.googleapis.com/v1/projects/spring-internship:testIamPermissions  
 {"permissions":["firebase.projects.get"]}
[debug] [2020-05-07T08:00:48.465Z] <<< HTTP RESPONSE 200 {"content-type":"application/json; charset=UTF-8","vary":"X-Origin, Referer, Origin,Accept-Encoding","date":"Thu, 07 May 2020 08:00:48 GMT","server":"ESF","cache-control":"private","x-xss-protection":"0","x-frame-options":"SAMEORIGIN","x-content-type-options":"nosniff","server-timing":"gfet4t7; dur=1414","alt-svc":"h3-Q050=\":443\"; ma=2592000,h3-Q049=\":443\"; ma=2592000,h3-Q048=\":443\"; ma=2592000,h3-Q046=\":443\"; ma=2592000,h3-Q043=\":443\"; ma=2592000,quic=\":443\"; ma=2592000; v=\"46,43\"","accept-ranges":"none","transfer-encoding":"chunked"}
[debug] [2020-05-07T08:00:48.468Z] >>> HTTP REQUEST GET https://firebase.googleapis.com/v1beta1/projects/spring-internship  
 
[debug] [2020-05-07T08:00:48.922Z] <<< HTTP RESPONSE 200 {"content-type":"application/json; charset=UTF-8","vary":"X-Origin, Referer, Origin,Accept-Encoding","date":"Thu, 07 May 2020 08:00:48 GMT","server":"ESF","cache-control":"private","x-xss-protection":"0","x-frame-options":"SAMEORIGIN","x-content-type-options":"nosniff","alt-svc":"h3-27=\":443\"; ma=2592000,h3-25=\":443\"; ma=2592000,h3-Q050=\":443\"; ma=2592000,h3-Q049=\":443\"; ma=2592000,h3-Q048=\":443\"; ma=2592000,h3-Q046=\":443\"; ma=2592000,h3-Q043=\":443\"; ma=2592000,quic=\":443\"; ma=2592000; v=\"46,43\"","accept-ranges":"none","transfer-encoding":"chunked"}
[warn] !  Your requested "node" version "10" doesn't match your global version "14"
[info] +  functions: functions emulator started at http://localhost:5000
[info] i  functions: Watching "C:\Users\purna\Desktop\InternProject\LooksLabel\lookslabel\functions" for Cloud Functions...
[debug] [2020-05-07T08:00:51.084Z] [worker-pool] addWorker(~diagnostic~) 
[debug] [2020-05-07T08:00:51.085Z] [worker-pool] Adding worker with key ~diagnostic~, total=1 
[debug] [2020-05-07T08:00:51.086Z] [worker-pool] submitWork(triggerId=) 
[debug] [2020-05-07T08:00:51.088Z] [worker-~diagnostic~-a6da3dd0-a1e9-4d1a-85e1-ea05855a9843]: Assigning socketPath: \\?\pipe\C:\Users\purna\Desktop\InternProject\LooksLabel\lookslabel\functions\24508 
[debug] [2020-05-07T08:00:51.090Z] [worker-~diagnostic~-a6da3dd0-a1e9-4d1a-85e1-ea05855a9843]: BUSY 
[debug] [2020-05-07T08:00:51.843Z] [runtime-status] [24508] Functions runtime initialized. {"cwd":"C:\\Users\\purna\\Desktop\\InternProject\\LooksLabel\\lookslabel\\functions","node_version":"14.1.0"} 
[debug] [2020-05-07T08:00:51.844Z] [runtime-status] [24508] Disabled runtime features: undefined 
[warn] !  The Cloud Functions emulator requires the module "firebase-admin" to be installed. This package is in your package.json, but it's not available. You probably need to run "npm install" in your functions directory.
[info] i  functions: Your functions could not be parsed due to an issue with your node_modules (see above)
[debug] [2020-05-07T08:00:51.926Z] [worker-~diagnostic~-a6da3dd0-a1e9-4d1a-85e1-ea05855a9843]: exited 
[debug] [2020-05-07T08:00:51.927Z] [worker-~diagnostic~-a6da3dd0-a1e9-4d1a-85e1-ea05855a9843]: FINISHED 
[debug] [2020-05-07T08:03:20.088Z] [work-queue] {"queueLength":1,"workRunningCount":0}
[debug] [2020-05-07T08:03:20.090Z] [work-queue] {"queueLength":0,"workRunningCount":1}
[debug] [2020-05-07T08:03:20.093Z] FirebaseError: No trigger with name app 
[debug] [2020-05-07T08:03:20.094Z] [work-queue] {"queueLength":0,"workRunningCount":0}
[debug] [2020-05-07T08:05:00.888Z] [work-queue] {"queueLength":1,"workRunningCount":0}
[debug] [2020-05-07T08:05:00.888Z] [work-queue] {"queueLength":0,"workRunningCount":1}
[debug] [2020-05-07T08:05:00.889Z] FirebaseError: No trigger with name app 
[debug] [2020-05-07T08:05:00.889Z] [work-queue] {"queueLength":0,"workRunningCount":0}
[debug] [2020-05-07T08:05:34.000Z] [work-queue] {"queueLength":1,"workRunningCount":0}
[debug] [2020-05-07T08:05:34.001Z] [work-queue] {"queueLength":0,"workRunningCount":1}
[debug] [2020-05-07T08:05:34.002Z] FirebaseError: No trigger with name app 
[debug] [2020-05-07T08:05:34.002Z] [work-queue] {"queueLength":0,"workRunningCount":0}
[debug] [2020-05-07T08:05:47.364Z] [work-queue] {"queueLength":1,"workRunningCount":0}
[debug] [2020-05-07T08:05:47.364Z] [work-queue] {"queueLength":0,"workRunningCount":1}
[debug] [2020-05-07T08:05:47.365Z] FirebaseError: No trigger with name app 
[debug] [2020-05-07T08:05:47.365Z] [work-queue] {"queueLength":0,"workRunningCount":0}
[debug] [2020-05-07T08:05:57.018Z] [work-queue] {"queueLength":1,"workRunningCount":0}
[debug] [2020-05-07T08:05:57.019Z] [work-queue] {"queueLength":0,"workRunningCount":1}
[debug] [2020-05-07T08:05:57.019Z] FirebaseError: No trigger with name app 
[debug] [2020-05-07T08:05:57.020Z] [work-queue] {"queueLength":0,"workRunningCount":0}
[debug] [2020-05-07T08:06:04.501Z] [work-queue] {"queueLength":1,"workRunningCount":0}
[debug] [2020-05-07T08:06:04.502Z] [work-queue] {"queueLength":0,"workRunningCount":1}
[debug] [2020-05-07T08:06:04.502Z] FirebaseError: No trigger with name app 
[debug] [2020-05-07T08:06:04.502Z] [work-queue] {"queueLength":0,"workRunningCount":0}
