[debug] [2020-07-24T10:29:30.661Z] ----------------------------------------------------------------------
[debug] [2020-07-24T10:29:30.663Z] Command:       C:\Program Files\nodejs\node.exe C:\Users\Vishal\AppData\Roaming\npm\node_modules\firebase-tools\lib\bin\firebase.js serve --only functions
[debug] [2020-07-24T10:29:30.663Z] CLI Version:   8.2.0
[debug] [2020-07-24T10:29:30.663Z] Platform:      win32
[debug] [2020-07-24T10:29:30.663Z] Node Version:  v12.15.0
[debug] [2020-07-24T10:29:30.664Z] Time:          Fri Jul 24 2020 15:59:30 GMT+0530 (India Standard Time)
[debug] [2020-07-24T10:29:30.664Z] ----------------------------------------------------------------------
[debug] [2020-07-24T10:29:30.665Z] 
[debug] [2020-07-24T10:29:30.736Z] > command requires scopes: ["email","openid","https://www.googleapis.com/auth/cloudplatformprojects.readonly","https://www.googleapis.com/auth/firebase","https://www.googleapis.com/auth/cloud-platform"]
[debug] [2020-07-24T10:29:30.737Z] > authorizing via signed-in user
[debug] [2020-07-24T10:29:30.737Z] [iam] checking project spring-internship for permissions ["firebase.projects.get"]
[debug] [2020-07-24T10:29:30.741Z] > refreshing access token with scopes: ["email","https://www.googleapis.com/auth/cloud-platform","https://www.googleapis.com/auth/cloudplatformprojects.readonly","https://www.googleapis.com/auth/firebase","openid"]
[debug] [2020-07-24T10:29:30.741Z] >>> HTTP REQUEST POST https://www.googleapis.com/oauth2/v3/token  
 <request body omitted>
[debug] [2020-07-24T10:29:31.210Z] <<< HTTP RESPONSE 200 {"content-type":"application/json; charset=utf-8","vary":"X-Origin, Referer, Origin,Accept-Encoding","date":"Fri, 24 Jul 2020 10:29:32 GMT","server":"scaffolding on HTTPServer2","cache-control":"private","x-xss-protection":"0","x-frame-options":"SAMEORIGIN","x-content-type-options":"nosniff","alt-svc":"h3-29=\":443\"; ma=2592000,h3-27=\":443\"; ma=2592000,h3-T050=\":443\"; ma=2592000,h3-Q050=\":443\"; ma=2592000,h3-Q046=\":443\"; ma=2592000,h3-Q043=\":443\"; ma=2592000,quic=\":443\"; ma=2592000; v=\"46,43\"","accept-ranges":"none","transfer-encoding":"chunked"}
[debug] [2020-07-24T10:29:31.252Z] >>> HTTP REQUEST POST https://cloudresourcemanager.googleapis.com/v1/projects/spring-internship:testIamPermissions  
 {"permissions":["firebase.projects.get"]}
[debug] [2020-07-24T10:29:32.982Z] <<< HTTP RESPONSE 200 {"content-type":"application/json; charset=UTF-8","vary":"X-Origin, Referer, Origin,Accept-Encoding","date":"Fri, 24 Jul 2020 10:29:34 GMT","server":"ESF","cache-control":"private","x-xss-protection":"0","x-frame-options":"SAMEORIGIN","x-content-type-options":"nosniff","server-timing":"gfet4t7; dur=1318","alt-svc":"h3-29=\":443\"; ma=2592000,h3-27=\":443\"; ma=2592000,h3-T050=\":443\"; ma=2592000,h3-Q050=\":443\"; ma=2592000,h3-Q046=\":443\"; ma=2592000,h3-Q043=\":443\"; ma=2592000,quic=\":443\"; ma=2592000; v=\"46,43\"","accept-ranges":"none","transfer-encoding":"chunked"}
[debug] [2020-07-24T10:29:32.984Z] >>> HTTP REQUEST GET https://firebase.googleapis.com/v1beta1/projects/spring-internship  
 
[debug] [2020-07-24T10:29:33.943Z] <<< HTTP RESPONSE 200 {"content-type":"application/json; charset=UTF-8","vary":"X-Origin, Referer, Origin,Accept-Encoding","date":"Fri, 24 Jul 2020 10:29:34 GMT","server":"ESF","cache-control":"private","x-xss-protection":"0","x-frame-options":"SAMEORIGIN","x-content-type-options":"nosniff","alt-svc":"h3-29=\":443\"; ma=2592000,h3-27=\":443\"; ma=2592000,h3-25=\":443\"; ma=2592000,h3-T050=\":443\"; ma=2592000,h3-Q050=\":443\"; ma=2592000,h3-Q046=\":443\"; ma=2592000,h3-Q043=\":443\"; ma=2592000,quic=\":443\"; ma=2592000; v=\"46,43\"","accept-ranges":"none","transfer-encoding":"chunked"}
[warn] !  Your requested "node" version "10" doesn't match your global version "12"
[info] +  functions: functions emulator started at http://localhost:5000
[info] i  functions: Watching "C:\Users\Vishal\Desktop\internship\lookslabel\functions" for Cloud Functions...
[debug] [2020-07-24T10:29:36.020Z] [worker-pool] addWorker(~diagnostic~) 
[debug] [2020-07-24T10:29:36.020Z] [worker-pool] Adding worker with key ~diagnostic~, total=1 
[debug] [2020-07-24T10:29:36.021Z] [worker-pool] submitWork(triggerId=) 
[debug] [2020-07-24T10:29:36.021Z] [worker-~diagnostic~-c48d6839-66dc-44f7-87dc-48d2531c5875]: Assigning socketPath: \\?\pipe\C:\Users\Vishal\Desktop\internship\lookslabel\functions\14960 
[debug] [2020-07-24T10:29:36.022Z] [worker-~diagnostic~-c48d6839-66dc-44f7-87dc-48d2531c5875]: BUSY 
[debug] [2020-07-24T10:29:36.394Z] [runtime-status] [14960] Functions runtime initialized. {"cwd":"C:\\Users\\Vishal\\Desktop\\internship\\lookslabel\\functions","node_version":"12.15.0"} 
[debug] [2020-07-24T10:29:36.394Z] [runtime-status] [14960] Disabled runtime features: undefined 
[debug] [2020-07-24T10:29:36.397Z] [runtime-status] [14960] Resolved module firebase-admin {"declared":true,"installed":true,"version":"8.11.0","resolution":"C:\\Users\\Vishal\\Desktop\\internship\\lookslabel\\functions\\node_modules\\firebase-admin\\lib\\index.js"} 
[debug] [2020-07-24T10:29:36.399Z] [runtime-status] [14960] Resolved module firebase-functions {"declared":true,"installed":true,"version":"3.6.0","resolution":"C:\\Users\\Vishal\\Desktop\\internship\\lookslabel\\functions\\node_modules\\firebase-functions\\lib\\index.js"} 
[debug] [2020-07-24T10:29:36.400Z] [runtime-status] [14960] Outgoing network have been stubbed. [{"name":"http","status":"mocked"},{"name":"http","status":"mocked"},{"name":"https","status":"mocked"},{"name":"https","status":"mocked"},{"name":"net","status":"mocked"}] 
[debug] [2020-07-24T10:29:36.438Z] [runtime-status] [14960] Checked functions.config() {"config":{}} 
[debug] [2020-07-24T10:29:36.438Z] [runtime-status] [14960] Resolved module firebase-functions {"declared":true,"installed":true,"version":"3.6.0","resolution":"C:\\Users\\Vishal\\Desktop\\internship\\lookslabel\\functions\\node_modules\\firebase-functions\\lib\\index.js"} 
[debug] [2020-07-24T10:29:36.439Z] [runtime-status] [14960] Resolved module firebase-admin {"declared":true,"installed":true,"version":"8.11.0","resolution":"C:\\Users\\Vishal\\Desktop\\internship\\lookslabel\\functions\\node_modules\\firebase-admin\\lib\\index.js"} 
[debug] [2020-07-24T10:29:36.440Z] [runtime-status] [14960] Resolved module firebase-functions {"declared":true,"installed":true,"version":"3.6.0","resolution":"C:\\Users\\Vishal\\Desktop\\internship\\lookslabel\\functions\\node_modules\\firebase-functions\\lib\\index.js"} 
[debug] [2020-07-24T10:29:36.440Z] [runtime-status] [14960] firebase-admin has been stubbed. {"adminResolution":{"declared":true,"installed":true,"version":"8.11.0","resolution":"C:\\Users\\Vishal\\Desktop\\internship\\lookslabel\\functions\\node_modules\\firebase-admin\\lib\\index.js"}} 
[debug] [2020-07-24T10:29:36.560Z] [runtime-status] [14960] initializeApp(DEFAULT) {"databaseURL":"https://spring-internship.firebaseio.com","storageBucket":"spring-internship.appspot.com","projectId":"spring-internship"} 
[warn] !  functions: The Cloud Firestore emulator is not running, so calls to Firestore will affect production.
[info] +  functions[app]: http function initialized (http://localhost:5000/spring-internship/us-central1/app).
[debug] [2020-07-24T10:29:37.145Z] [worker-~diagnostic~-c48d6839-66dc-44f7-87dc-48d2531c5875]: IDLE 
[debug] [2020-07-24T10:30:20.036Z] [work-queue] {"queueLength":1,"workRunningCount":0}
[debug] [2020-07-24T10:30:20.036Z] [work-queue] {"queueLength":0,"workRunningCount":1}
[debug] [2020-07-24T10:30:20.036Z] Accepted request GET /spring-internship/us-central1/app/api/mylocation --> app
[debug] [2020-07-24T10:30:20.041Z] [worker-pool] addWorker(app) 
[debug] [2020-07-24T10:30:20.041Z] [worker-pool] Adding worker with key app, total=1 
[debug] [2020-07-24T10:30:20.041Z] [worker-pool] submitWork(triggerId=app) 
[debug] [2020-07-24T10:30:20.042Z] [worker-app-2c0c37c6-3d92-4f7f-b2fd-1e05cacb65e0]: Assigning socketPath: \\?\pipe\C:\Users\Vishal\Desktop\internship\lookslabel\functions\21260 
[debug] [2020-07-24T10:30:20.042Z] [worker-app-2c0c37c6-3d92-4f7f-b2fd-1e05cacb65e0]: BUSY 
[debug] [2020-07-24T10:30:20.043Z] [work-queue] {"queueLength":1,"workRunningCount":1}
[debug] [2020-07-24T10:30:20.043Z] [work-queue] {"queueLength":0,"workRunningCount":2}
[debug] [2020-07-24T10:30:20.043Z] Accepted request GET /spring-internship/us-central1/app/api/custombooking --> app
[debug] [2020-07-24T10:30:20.046Z] [worker-pool] addWorker(app) 
[debug] [2020-07-24T10:30:20.047Z] [worker-pool] Adding worker with key app, total=2 
[debug] [2020-07-24T10:30:20.047Z] [worker-pool] submitWork(triggerId=app) 
[debug] [2020-07-24T10:30:20.047Z] [worker-app-236442a5-23ee-460a-a10d-5470db9ee15a]: Assigning socketPath: \\?\pipe\C:\Users\Vishal\Desktop\internship\lookslabel\functions\17980 
[debug] [2020-07-24T10:30:20.047Z] [worker-app-236442a5-23ee-460a-a10d-5470db9ee15a]: BUSY 
[debug] [2020-07-24T10:30:20.048Z] [work-queue] {"queueLength":1,"workRunningCount":2}
[debug] [2020-07-24T10:30:20.048Z] [work-queue] {"queueLength":0,"workRunningCount":3}
[debug] [2020-07-24T10:30:20.049Z] Accepted request GET /spring-internship/us-central1/app/api/admin/bookingdetails --> app
[debug] [2020-07-24T10:30:20.053Z] [worker-pool] addWorker(app) 
[debug] [2020-07-24T10:30:20.053Z] [worker-pool] Adding worker with key app, total=3 
[debug] [2020-07-24T10:30:20.053Z] [worker-pool] submitWork(triggerId=app) 
[debug] [2020-07-24T10:30:20.053Z] [worker-app-ea0fd7aa-d4aa-435a-804b-521f1ed91be2]: Assigning socketPath: \\?\pipe\C:\Users\Vishal\Desktop\internship\lookslabel\functions\13408 
[debug] [2020-07-24T10:30:20.053Z] [worker-app-ea0fd7aa-d4aa-435a-804b-521f1ed91be2]: BUSY 
[debug] [2020-07-24T10:30:20.054Z] [work-queue] {"queueLength":1,"workRunningCount":3}
[debug] [2020-07-24T10:30:20.054Z] [work-queue] {"queueLength":0,"workRunningCount":4}
[debug] [2020-07-24T10:30:20.054Z] Accepted request GET /spring-internship/us-central1/app/api/admin/landmarkdetails --> app
[debug] [2020-07-24T10:30:20.059Z] [worker-pool] addWorker(app) 
[debug] [2020-07-24T10:30:20.059Z] [worker-pool] Adding worker with key app, total=4 
[debug] [2020-07-24T10:30:20.059Z] [worker-pool] submitWork(triggerId=app) 
[debug] [2020-07-24T10:30:20.059Z] [worker-app-ddef6b1c-180c-40d7-91c7-35e98217ef33]: Assigning socketPath: \\?\pipe\C:\Users\Vishal\Desktop\internship\lookslabel\functions\20016 
[debug] [2020-07-24T10:30:20.059Z] [worker-app-ddef6b1c-180c-40d7-91c7-35e98217ef33]: BUSY 
[debug] [2020-07-24T10:30:20.061Z] [work-queue] {"queueLength":1,"workRunningCount":4}
[debug] [2020-07-24T10:30:20.061Z] [work-queue] {"queueLength":0,"workRunningCount":5}
[debug] [2020-07-24T10:30:20.061Z] Accepted request GET /spring-internship/us-central1/app/api/admin/approved-photos --> app
[debug] [2020-07-24T10:30:20.066Z] [worker-pool] addWorker(app) 
[debug] [2020-07-24T10:30:20.066Z] [worker-pool] Adding worker with key app, total=5 
[debug] [2020-07-24T10:30:20.066Z] [worker-pool] submitWork(triggerId=app) 
[debug] [2020-07-24T10:30:20.067Z] [worker-app-8841ab57-aa56-4652-822f-04c119fc8556]: Assigning socketPath: \\?\pipe\C:\Users\Vishal\Desktop\internship\lookslabel\functions\7216 
[debug] [2020-07-24T10:30:20.067Z] [worker-app-8841ab57-aa56-4652-822f-04c119fc8556]: BUSY 
[debug] [2020-07-24T10:30:20.068Z] [work-queue] {"queueLength":1,"workRunningCount":5}
[debug] [2020-07-24T10:30:20.068Z] [work-queue] {"queueLength":0,"workRunningCount":6}
[debug] [2020-07-24T10:30:20.068Z] Accepted request GET /spring-internship/us-central1/app/api/admin/iuserprofile --> app
[debug] [2020-07-24T10:30:20.088Z] [worker-pool] addWorker(app) 
[debug] [2020-07-24T10:30:20.089Z] [worker-pool] Adding worker with key app, total=6 
[debug] [2020-07-24T10:30:20.089Z] [worker-pool] submitWork(triggerId=app) 
[debug] [2020-07-24T10:30:20.089Z] [worker-app-7034b59a-ea97-4f24-b927-1cd9d69573ae]: Assigning socketPath: \\?\pipe\C:\Users\Vishal\Desktop\internship\lookslabel\functions\8580 
[debug] [2020-07-24T10:30:20.089Z] [worker-app-7034b59a-ea97-4f24-b927-1cd9d69573ae]: BUSY 
[debug] [2020-07-24T10:30:20.665Z] [runtime-status] [21260] Functions runtime initialized. {"cwd":"C:\\Users\\Vishal\\Desktop\\internship\\lookslabel\\functions","node_version":"12.15.0"} 
[debug] [2020-07-24T10:30:20.667Z] [runtime-status] [21260] Disabled runtime features: undefined 
[debug] [2020-07-24T10:30:20.672Z] [runtime-status] [21260] Resolved module firebase-admin {"declared":true,"installed":true,"version":"8.11.0","resolution":"C:\\Users\\Vishal\\Desktop\\internship\\lookslabel\\functions\\node_modules\\firebase-admin\\lib\\index.js"} 
[debug] [2020-07-24T10:30:20.676Z] [runtime-status] [21260] Resolved module firebase-functions {"declared":true,"installed":true,"version":"3.6.0","resolution":"C:\\Users\\Vishal\\Desktop\\internship\\lookslabel\\functions\\node_modules\\firebase-functions\\lib\\index.js"} 
[debug] [2020-07-24T10:30:20.676Z] [runtime-status] [17980] Functions runtime initialized. {"cwd":"C:\\Users\\Vishal\\Desktop\\internship\\lookslabel\\functions","node_version":"12.15.0"} 
[debug] [2020-07-24T10:30:20.679Z] [runtime-status] [17980] Disabled runtime features: undefined 
[debug] [2020-07-24T10:30:20.682Z] [runtime-status] [21260] Outgoing network have been stubbed. [{"name":"http","status":"mocked"},{"name":"http","status":"mocked"},{"name":"https","status":"mocked"},{"name":"https","status":"mocked"},{"name":"net","status":"mocked"}] 
[debug] [2020-07-24T10:30:20.683Z] [runtime-status] [17980] Resolved module firebase-admin {"declared":true,"installed":true,"version":"8.11.0","resolution":"C:\\Users\\Vishal\\Desktop\\internship\\lookslabel\\functions\\node_modules\\firebase-admin\\lib\\index.js"} 
[debug] [2020-07-24T10:30:20.687Z] [runtime-status] [17980] Resolved module firebase-functions {"declared":true,"installed":true,"version":"3.6.0","resolution":"C:\\Users\\Vishal\\Desktop\\internship\\lookslabel\\functions\\node_modules\\firebase-functions\\lib\\index.js"} 
[debug] [2020-07-24T10:30:20.689Z] [runtime-status] [20016] Functions runtime initialized. {"cwd":"C:\\Users\\Vishal\\Desktop\\internship\\lookslabel\\functions","node_version":"12.15.0"} 
[debug] [2020-07-24T10:30:20.690Z] [runtime-status] [17980] Outgoing network have been stubbed. [{"name":"http","status":"mocked"},{"name":"http","status":"mocked"},{"name":"https","status":"mocked"},{"name":"https","status":"mocked"},{"name":"net","status":"mocked"}] 
[debug] [2020-07-24T10:30:20.693Z] [runtime-status] [20016] Disabled runtime features: undefined 
[debug] [2020-07-24T10:30:20.698Z] [runtime-status] [20016] Resolved module firebase-admin {"declared":true,"installed":true,"version":"8.11.0","resolution":"C:\\Users\\Vishal\\Desktop\\internship\\lookslabel\\functions\\node_modules\\firebase-admin\\lib\\index.js"} 
[debug] [2020-07-24T10:30:20.701Z] [runtime-status] [20016] Resolved module firebase-functions {"declared":true,"installed":true,"version":"3.6.0","resolution":"C:\\Users\\Vishal\\Desktop\\internship\\lookslabel\\functions\\node_modules\\firebase-functions\\lib\\index.js"} 
[debug] [2020-07-24T10:30:20.702Z] [runtime-status] [13408] Functions runtime initialized. {"cwd":"C:\\Users\\Vishal\\Desktop\\internship\\lookslabel\\functions","node_version":"12.15.0"} 
[debug] [2020-07-24T10:30:20.703Z] [runtime-status] [13408] Disabled runtime features: undefined 
[debug] [2020-07-24T10:30:20.703Z] [runtime-status] [20016] Outgoing network have been stubbed. [{"name":"http","status":"mocked"},{"name":"http","status":"mocked"},{"name":"https","status":"mocked"},{"name":"https","status":"mocked"},{"name":"net","status":"mocked"}] 
[debug] [2020-07-24T10:30:20.706Z] [runtime-status] [7216] Functions runtime initialized. {"cwd":"C:\\Users\\Vishal\\Desktop\\internship\\lookslabel\\functions","node_version":"12.15.0"} 
[debug] [2020-07-24T10:30:20.708Z] [runtime-status] [13408] Resolved module firebase-admin {"declared":true,"installed":true,"version":"8.11.0","resolution":"C:\\Users\\Vishal\\Desktop\\internship\\lookslabel\\functions\\node_modules\\firebase-admin\\lib\\index.js"} 
[debug] [2020-07-24T10:30:20.709Z] [runtime-status] [7216] Disabled runtime features: undefined 
[debug] [2020-07-24T10:30:20.710Z] [runtime-status] [13408] Resolved module firebase-functions {"declared":true,"installed":true,"version":"3.6.0","resolution":"C:\\Users\\Vishal\\Desktop\\internship\\lookslabel\\functions\\node_modules\\firebase-functions\\lib\\index.js"} 
[debug] [2020-07-24T10:30:20.713Z] [runtime-status] [7216] Resolved module firebase-admin {"declared":true,"installed":true,"version":"8.11.0","resolution":"C:\\Users\\Vishal\\Desktop\\internship\\lookslabel\\functions\\node_modules\\firebase-admin\\lib\\index.js"} 
[debug] [2020-07-24T10:30:20.714Z] [runtime-status] [13408] Outgoing network have been stubbed. [{"name":"http","status":"mocked"},{"name":"http","status":"mocked"},{"name":"https","status":"mocked"},{"name":"https","status":"mocked"},{"name":"net","status":"mocked"}] 
[debug] [2020-07-24T10:30:20.715Z] [runtime-status] [7216] Resolved module firebase-functions {"declared":true,"installed":true,"version":"3.6.0","resolution":"C:\\Users\\Vishal\\Desktop\\internship\\lookslabel\\functions\\node_modules\\firebase-functions\\lib\\index.js"} 
[debug] [2020-07-24T10:30:20.718Z] [runtime-status] [7216] Outgoing network have been stubbed. [{"name":"http","status":"mocked"},{"name":"http","status":"mocked"},{"name":"https","status":"mocked"},{"name":"https","status":"mocked"},{"name":"net","status":"mocked"}] 
[debug] [2020-07-24T10:30:20.724Z] [runtime-status] [8580] Functions runtime initialized. {"cwd":"C:\\Users\\Vishal\\Desktop\\internship\\lookslabel\\functions","node_version":"12.15.0"} 
[debug] [2020-07-24T10:30:20.726Z] [runtime-status] [8580] Disabled runtime features: undefined 
[debug] [2020-07-24T10:30:20.730Z] [runtime-status] [8580] Resolved module firebase-admin {"declared":true,"installed":true,"version":"8.11.0","resolution":"C:\\Users\\Vishal\\Desktop\\internship\\lookslabel\\functions\\node_modules\\firebase-admin\\lib\\index.js"} 
[debug] [2020-07-24T10:30:20.732Z] [runtime-status] [8580] Resolved module firebase-functions {"declared":true,"installed":true,"version":"3.6.0","resolution":"C:\\Users\\Vishal\\Desktop\\internship\\lookslabel\\functions\\node_modules\\firebase-functions\\lib\\index.js"} 
[debug] [2020-07-24T10:30:20.735Z] [runtime-status] [8580] Outgoing network have been stubbed. [{"name":"http","status":"mocked"},{"name":"http","status":"mocked"},{"name":"https","status":"mocked"},{"name":"https","status":"mocked"},{"name":"net","status":"mocked"}] 
[debug] [2020-07-24T10:30:20.751Z] [runtime-status] [21260] Checked functions.config() {"config":{}} 
[debug] [2020-07-24T10:30:20.753Z] [runtime-status] [21260] Resolved module firebase-functions {"declared":true,"installed":true,"version":"3.6.0","resolution":"C:\\Users\\Vishal\\Desktop\\internship\\lookslabel\\functions\\node_modules\\firebase-functions\\lib\\index.js"} 
[debug] [2020-07-24T10:30:20.754Z] [runtime-status] [17980] Checked functions.config() {"config":{}} 
[debug] [2020-07-24T10:30:20.755Z] [runtime-status] [21260] Resolved module firebase-admin {"declared":true,"installed":true,"version":"8.11.0","resolution":"C:\\Users\\Vishal\\Desktop\\internship\\lookslabel\\functions\\node_modules\\firebase-admin\\lib\\index.js"} 
[debug] [2020-07-24T10:30:20.755Z] [runtime-status] [17980] Resolved module firebase-functions {"declared":true,"installed":true,"version":"3.6.0","resolution":"C:\\Users\\Vishal\\Desktop\\internship\\lookslabel\\functions\\node_modules\\firebase-functions\\lib\\index.js"} 
[debug] [2020-07-24T10:30:20.756Z] [runtime-status] [21260] Resolved module firebase-functions {"declared":true,"installed":true,"version":"3.6.0","resolution":"C:\\Users\\Vishal\\Desktop\\internship\\lookslabel\\functions\\node_modules\\firebase-functions\\lib\\index.js"} 
[debug] [2020-07-24T10:30:20.756Z] [runtime-status] [21260] firebase-admin has been stubbed. {"adminResolution":{"declared":true,"installed":true,"version":"8.11.0","resolution":"C:\\Users\\Vishal\\Desktop\\internship\\lookslabel\\functions\\node_modules\\firebase-admin\\lib\\index.js"}} 
[debug] [2020-07-24T10:30:20.758Z] [runtime-status] [17980] Resolved module firebase-admin {"declared":true,"installed":true,"version":"8.11.0","resolution":"C:\\Users\\Vishal\\Desktop\\internship\\lookslabel\\functions\\node_modules\\firebase-admin\\lib\\index.js"} 
[debug] [2020-07-24T10:30:20.758Z] [runtime-status] [17980] Resolved module firebase-functions {"declared":true,"installed":true,"version":"3.6.0","resolution":"C:\\Users\\Vishal\\Desktop\\internship\\lookslabel\\functions\\node_modules\\firebase-functions\\lib\\index.js"} 
[debug] [2020-07-24T10:30:20.759Z] [runtime-status] [17980] firebase-admin has been stubbed. {"adminResolution":{"declared":true,"installed":true,"version":"8.11.0","resolution":"C:\\Users\\Vishal\\Desktop\\internship\\lookslabel\\functions\\node_modules\\firebase-admin\\lib\\index.js"}} 
[debug] [2020-07-24T10:30:20.768Z] [runtime-status] [20016] Checked functions.config() {"config":{}} 
[debug] [2020-07-24T10:30:20.770Z] [runtime-status] [20016] Resolved module firebase-functions {"declared":true,"installed":true,"version":"3.6.0","resolution":"C:\\Users\\Vishal\\Desktop\\internship\\lookslabel\\functions\\node_modules\\firebase-functions\\lib\\index.js"} 
[debug] [2020-07-24T10:30:20.771Z] [runtime-status] [20016] Resolved module firebase-admin {"declared":true,"installed":true,"version":"8.11.0","resolution":"C:\\Users\\Vishal\\Desktop\\internship\\lookslabel\\functions\\node_modules\\firebase-admin\\lib\\index.js"} 
[debug] [2020-07-24T10:30:20.772Z] [runtime-status] [20016] Resolved module firebase-functions {"declared":true,"installed":true,"version":"3.6.0","resolution":"C:\\Users\\Vishal\\Desktop\\internship\\lookslabel\\functions\\node_modules\\firebase-functions\\lib\\index.js"} 
[debug] [2020-07-24T10:30:20.772Z] [runtime-status] [20016] firebase-admin has been stubbed. {"adminResolution":{"declared":true,"installed":true,"version":"8.11.0","resolution":"C:\\Users\\Vishal\\Desktop\\internship\\lookslabel\\functions\\node_modules\\firebase-admin\\lib\\index.js"}} 
[debug] [2020-07-24T10:30:20.778Z] [runtime-status] [13408] Checked functions.config() {"config":{}} 
[debug] [2020-07-24T10:30:20.779Z] [runtime-status] [13408] Resolved module firebase-functions {"declared":true,"installed":true,"version":"3.6.0","resolution":"C:\\Users\\Vishal\\Desktop\\internship\\lookslabel\\functions\\node_modules\\firebase-functions\\lib\\index.js"} 
[debug] [2020-07-24T10:30:20.780Z] [runtime-status] [7216] Checked functions.config() {"config":{}} 
[debug] [2020-07-24T10:30:20.781Z] [runtime-status] [7216] Resolved module firebase-functions {"declared":true,"installed":true,"version":"3.6.0","resolution":"C:\\Users\\Vishal\\Desktop\\internship\\lookslabel\\functions\\node_modules\\firebase-functions\\lib\\index.js"} 
[debug] [2020-07-24T10:30:20.781Z] [runtime-status] [13408] Resolved module firebase-admin {"declared":true,"installed":true,"version":"8.11.0","resolution":"C:\\Users\\Vishal\\Desktop\\internship\\lookslabel\\functions\\node_modules\\firebase-admin\\lib\\index.js"} 
[debug] [2020-07-24T10:30:20.782Z] [runtime-status] [13408] Resolved module firebase-functions {"declared":true,"installed":true,"version":"3.6.0","resolution":"C:\\Users\\Vishal\\Desktop\\internship\\lookslabel\\functions\\node_modules\\firebase-functions\\lib\\index.js"} 
[debug] [2020-07-24T10:30:20.782Z] [runtime-status] [13408] firebase-admin has been stubbed. {"adminResolution":{"declared":true,"installed":true,"version":"8.11.0","resolution":"C:\\Users\\Vishal\\Desktop\\internship\\lookslabel\\functions\\node_modules\\firebase-admin\\lib\\index.js"}} 
[debug] [2020-07-24T10:30:20.783Z] [runtime-status] [7216] Resolved module firebase-admin {"declared":true,"installed":true,"version":"8.11.0","resolution":"C:\\Users\\Vishal\\Desktop\\internship\\lookslabel\\functions\\node_modules\\firebase-admin\\lib\\index.js"} 
[debug] [2020-07-24T10:30:20.783Z] [runtime-status] [7216] Resolved module firebase-functions {"declared":true,"installed":true,"version":"3.6.0","resolution":"C:\\Users\\Vishal\\Desktop\\internship\\lookslabel\\functions\\node_modules\\firebase-functions\\lib\\index.js"} 
[debug] [2020-07-24T10:30:20.784Z] [runtime-status] [7216] firebase-admin has been stubbed. {"adminResolution":{"declared":true,"installed":true,"version":"8.11.0","resolution":"C:\\Users\\Vishal\\Desktop\\internship\\lookslabel\\functions\\node_modules\\firebase-admin\\lib\\index.js"}} 
[debug] [2020-07-24T10:30:20.801Z] [runtime-status] [8580] Checked functions.config() {"config":{}} 
[debug] [2020-07-24T10:30:20.802Z] [runtime-status] [8580] Resolved module firebase-functions {"declared":true,"installed":true,"version":"3.6.0","resolution":"C:\\Users\\Vishal\\Desktop\\internship\\lookslabel\\functions\\node_modules\\firebase-functions\\lib\\index.js"} 
[debug] [2020-07-24T10:30:20.803Z] [runtime-status] [8580] Resolved module firebase-admin {"declared":true,"installed":true,"version":"8.11.0","resolution":"C:\\Users\\Vishal\\Desktop\\internship\\lookslabel\\functions\\node_modules\\firebase-admin\\lib\\index.js"} 
[debug] [2020-07-24T10:30:20.804Z] [runtime-status] [8580] Resolved module firebase-functions {"declared":true,"installed":true,"version":"3.6.0","resolution":"C:\\Users\\Vishal\\Desktop\\internship\\lookslabel\\functions\\node_modules\\firebase-functions\\lib\\index.js"} 
[debug] [2020-07-24T10:30:20.804Z] [runtime-status] [8580] firebase-admin has been stubbed. {"adminResolution":{"declared":true,"installed":true,"version":"8.11.0","resolution":"C:\\Users\\Vishal\\Desktop\\internship\\lookslabel\\functions\\node_modules\\firebase-admin\\lib\\index.js"}} 
[debug] [2020-07-24T10:30:20.930Z] [runtime-status] [21260] initializeApp(DEFAULT) {"databaseURL":"https://spring-internship.firebaseio.com","storageBucket":"spring-internship.appspot.com","projectId":"spring-internship"} 
[warn] !  functions: The Cloud Firestore emulator is not running, so calls to Firestore will affect production.
[debug] [2020-07-24T10:30:20.939Z] [runtime-status] [20016] initializeApp(DEFAULT) {"databaseURL":"https://spring-internship.firebaseio.com","storageBucket":"spring-internship.appspot.com","projectId":"spring-internship"} 
[warn] !  functions: The Cloud Firestore emulator is not running, so calls to Firestore will affect production.
[debug] [2020-07-24T10:30:20.945Z] [runtime-status] [17980] initializeApp(DEFAULT) {"databaseURL":"https://spring-internship.firebaseio.com","storageBucket":"spring-internship.appspot.com","projectId":"spring-internship"} 
[warn] !  functions: The Cloud Firestore emulator is not running, so calls to Firestore will affect production.
[debug] [2020-07-24T10:30:20.955Z] [runtime-status] [13408] initializeApp(DEFAULT) {"databaseURL":"https://spring-internship.firebaseio.com","storageBucket":"spring-internship.appspot.com","projectId":"spring-internship"} 
[warn] !  functions: The Cloud Firestore emulator is not running, so calls to Firestore will affect production.
[debug] [2020-07-24T10:30:20.969Z] [runtime-status] [7216] initializeApp(DEFAULT) {"databaseURL":"https://spring-internship.firebaseio.com","storageBucket":"spring-internship.appspot.com","projectId":"spring-internship"} 
[warn] !  functions: The Cloud Firestore emulator is not running, so calls to Firestore will affect production.
[debug] [2020-07-24T10:30:20.994Z] [runtime-status] [8580] initializeApp(DEFAULT) {"databaseURL":"https://spring-internship.firebaseio.com","storageBucket":"spring-internship.appspot.com","projectId":"spring-internship"} 
[warn] !  functions: The Cloud Firestore emulator is not running, so calls to Firestore will affect production.
[debug] [2020-07-24T10:30:22.014Z] [runtime-status] [21260] Trigger "app" has been found, beginning invocation! 
[info] i  functions: Beginning execution of "app"
[debug] [2020-07-24T10:30:22.016Z] [runtime-status] [21260] triggerDefinition {"httpsTrigger":{},"name":"app","entryPoint":"app"} 
[debug] [2020-07-24T10:30:22.016Z] [runtime-status] [21260] Running app in mode HTTPS 
[debug] [2020-07-24T10:30:22.016Z] [runtime-status] [17980] Trigger "app" has been found, beginning invocation! 
[info] i  functions: Beginning execution of "app"
[debug] [2020-07-24T10:30:22.018Z] [runtime-status] [17980] triggerDefinition {"httpsTrigger":{},"name":"app","entryPoint":"app"} 
[debug] [2020-07-24T10:30:22.018Z] [runtime-status] [17980] Running app in mode HTTPS 
[debug] [2020-07-24T10:30:22.018Z] [runtime-status] [13408] Trigger "app" has been found, beginning invocation! 
[info] i  functions: Beginning execution of "app"
[debug] [2020-07-24T10:30:22.030Z] [runtime-status] [13408] triggerDefinition {"httpsTrigger":{},"name":"app","entryPoint":"app"} 
[debug] [2020-07-24T10:30:22.030Z] [runtime-status] [13408] Running app in mode HTTPS 
[debug] [2020-07-24T10:30:22.031Z] [runtime-status] [21260] Attempting to listen to socketPath: \\?\pipe\C:\Users\Vishal\Desktop\internship\lookslabel\functions\21260 
[debug] [2020-07-24T10:30:22.034Z] [functions] Runtime ready! Sending request! 
[debug] [2020-07-24T10:30:22.035Z] [runtime-status] [17980] Attempting to listen to socketPath: \\?\pipe\C:\Users\Vishal\Desktop\internship\lookslabel\functions\17980 
[debug] [2020-07-24T10:30:22.036Z] [functions] Runtime ready! Sending request! 
[debug] [2020-07-24T10:30:22.037Z] [runtime-status] [20016] Trigger "app" has been found, beginning invocation! 
[info] i  functions: Beginning execution of "app"
[debug] [2020-07-24T10:30:22.038Z] [runtime-status] [20016] triggerDefinition {"httpsTrigger":{},"name":"app","entryPoint":"app"} 
[debug] [2020-07-24T10:30:22.039Z] [runtime-status] [20016] Running app in mode HTTPS 
[debug] [2020-07-24T10:30:22.042Z] [runtime-status] [20016] Attempting to listen to socketPath: \\?\pipe\C:\Users\Vishal\Desktop\internship\lookslabel\functions\20016 
[debug] [2020-07-24T10:30:22.042Z] [runtime-status] [13408] Attempting to listen to socketPath: \\?\pipe\C:\Users\Vishal\Desktop\internship\lookslabel\functions\13408 
[debug] [2020-07-24T10:30:22.044Z] [functions] Runtime ready! Sending request! 
[debug] [2020-07-24T10:30:22.053Z] [functions] Runtime ready! Sending request! 
[debug] [2020-07-24T10:30:22.056Z] [runtime-status] [8580] Trigger "app" has been found, beginning invocation! 
[info] i  functions: Beginning execution of "app"
[debug] [2020-07-24T10:30:22.067Z] [runtime-status] [8580] triggerDefinition {"httpsTrigger":{},"name":"app","entryPoint":"app"} 
[debug] [2020-07-24T10:30:22.067Z] [runtime-status] [8580] Running app in mode HTTPS 
[debug] [2020-07-24T10:30:22.067Z] [runtime-status] [8580] Attempting to listen to socketPath: \\?\pipe\C:\Users\Vishal\Desktop\internship\lookslabel\functions\8580 
[debug] [2020-07-24T10:30:22.068Z] [runtime-status] [7216] Trigger "app" has been found, beginning invocation! 
[info] i  functions: Beginning execution of "app"
[debug] [2020-07-24T10:30:22.070Z] [runtime-status] [7216] triggerDefinition {"httpsTrigger":{},"name":"app","entryPoint":"app"} 
[debug] [2020-07-24T10:30:22.070Z] [runtime-status] [7216] Running app in mode HTTPS 
[debug] [2020-07-24T10:30:22.070Z] [runtime-status] [7216] Attempting to listen to socketPath: \\?\pipe\C:\Users\Vishal\Desktop\internship\lookslabel\functions\7216 
[debug] [2020-07-24T10:30:22.073Z] [functions] Runtime ready! Sending request! 
[debug] [2020-07-24T10:30:22.076Z] [functions] Runtime ready! Sending request! 
[debug] [2020-07-24T10:30:22.082Z] [runtime-status] [17980] Ephemeral server handling GET request 
[debug] [2020-07-24T10:30:22.086Z] [runtime-status] [13408] Ephemeral server handling GET request 
[debug] [2020-07-24T10:30:22.098Z] [runtime-status] [13408] Ephemeral server survived. 
[debug] [2020-07-24T10:30:22.100Z] [runtime-status] [17980] Ephemeral server survived. 
[debug] [2020-07-24T10:30:22.102Z] [runtime-status] [21260] Ephemeral server handling GET request 
[info] >  in {"user":"in"}
[info] >  undefined {"user":"undefined"}
[debug] [2020-07-24T10:30:22.112Z] [runtime-status] [20016] Ephemeral server handling GET request 
[debug] [2020-07-24T10:30:22.114Z] [runtime-status] [21260] Ephemeral server survived. 
[debug] [2020-07-24T10:30:22.120Z] [runtime-status] [8580] Ephemeral server handling GET request 
[debug] [2020-07-24T10:30:22.123Z] [runtime-status] [20016] Ephemeral server survived. 
[debug] [2020-07-24T10:30:22.127Z] [runtime-status] [7216] Ephemeral server handling GET request 
[debug] [2020-07-24T10:30:22.129Z] [runtime-status] [8580] Ephemeral server survived. 
[debug] [2020-07-24T10:30:22.133Z] [runtime-status] [7216] Ephemeral server survived. 
[warn] !  Google API requested!
   - URL: "https://oauth2.googleapis.com/token"
   - Be careful, this may be a production service.
[warn] !  Google API requested!
   - URL: "https://oauth2.googleapis.com/token"
   - Be careful, this may be a production service.
[info] i  functions: Finished "app" in ~1s
[debug] [2020-07-24T10:30:23.565Z] [worker-app-7034b59a-ea97-4f24-b927-1cd9d69573ae]: IDLE 
[debug] [2020-07-24T10:30:23.566Z] [work-queue] {"queueLength":0,"workRunningCount":5}
[debug] [2020-07-24T10:30:23.567Z] [work-queue] {"queueLength":1,"workRunningCount":5}
[debug] [2020-07-24T10:30:23.567Z] [work-queue] {"queueLength":0,"workRunningCount":6}
[debug] [2020-07-24T10:30:23.567Z] Accepted request GET /spring-internship/us-central1/app/api/admin/puserprofile --> app
[debug] [2020-07-24T10:30:23.567Z] [worker-pool] submitWork(triggerId=app) 
[debug] [2020-07-24T10:30:23.567Z] [worker-app-7034b59a-ea97-4f24-b927-1cd9d69573ae]: Assigning socketPath: \\?\pipe\C:\Users\Vishal\Desktop\internship\lookslabel\functions\8580 
[debug] [2020-07-24T10:30:23.567Z] [worker-app-7034b59a-ea97-4f24-b927-1cd9d69573ae]: BUSY 
[info] i  functions: Finished "app" in ~1s
[debug] [2020-07-24T10:30:23.572Z] [worker-app-8841ab57-aa56-4652-822f-04c119fc8556]: IDLE 
[debug] [2020-07-24T10:30:23.572Z] [work-queue] {"queueLength":0,"workRunningCount":5}
[debug] [2020-07-24T10:30:23.575Z] [runtime-status] [8580] Trigger "app" has been found, beginning invocation! 
[info] i  functions: Beginning execution of "app"
[debug] [2020-07-24T10:30:23.576Z] [runtime-status] [8580] triggerDefinition {"httpsTrigger":{},"name":"app","entryPoint":"app"} 
[debug] [2020-07-24T10:30:23.577Z] [runtime-status] [8580] Running app in mode HTTPS 
[debug] [2020-07-24T10:30:23.577Z] [runtime-status] [8580] Attempting to listen to socketPath: \\?\pipe\C:\Users\Vishal\Desktop\internship\lookslabel\functions\8580 
[debug] [2020-07-24T10:30:23.577Z] [functions] Runtime ready! Sending request! 
[debug] [2020-07-24T10:30:23.579Z] [runtime-status] [8580] Ephemeral server handling GET request 
[info] >  working {"user":"working"}
[debug] [2020-07-24T10:30:23.581Z] [runtime-status] [8580] Ephemeral server survived. 
[info] i  functions: Finished "app" in ~1s
[debug] [2020-07-24T10:30:23.826Z] [worker-app-7034b59a-ea97-4f24-b927-1cd9d69573ae]: IDLE 
[debug] [2020-07-24T10:30:23.827Z] [work-queue] {"queueLength":0,"workRunningCount":4}
[info] i  functions: Finished "app" in ~1s
[debug] [2020-07-24T10:30:23.852Z] [worker-app-236442a5-23ee-460a-a10d-5470db9ee15a]: IDLE 
[debug] [2020-07-24T10:30:23.852Z] [work-queue] {"queueLength":0,"workRunningCount":3}
[info] i  functions: Finished "app" in ~1s
[debug] [2020-07-24T10:30:23.868Z] [worker-app-2c0c37c6-3d92-4f7f-b2fd-1e05cacb65e0]: IDLE 
[debug] [2020-07-24T10:30:23.869Z] [work-queue] {"queueLength":0,"workRunningCount":2}
[info] i  functions: Finished "app" in ~1s
[debug] [2020-07-24T10:30:23.870Z] [worker-app-ddef6b1c-180c-40d7-91c7-35e98217ef33]: IDLE 
[debug] [2020-07-24T10:30:23.870Z] [work-queue] {"queueLength":0,"workRunningCount":1}
[info] i  functions: Finished "app" in ~1s
[debug] [2020-07-24T10:30:23.872Z] [worker-app-ea0fd7aa-d4aa-435a-804b-521f1ed91be2]: IDLE 
[debug] [2020-07-24T10:30:23.873Z] [work-queue] {"queueLength":0,"workRunningCount":0}
[debug] [2020-07-24T10:30:44.839Z] [work-queue] {"queueLength":1,"workRunningCount":0}
[debug] [2020-07-24T10:30:44.839Z] [work-queue] {"queueLength":0,"workRunningCount":1}
[debug] [2020-07-24T10:30:44.839Z] Accepted request OPTIONS /spring-internship/us-central1/app/api/admin/uploadlinks --> app
[debug] [2020-07-24T10:30:44.840Z] [worker-pool] submitWork(triggerId=app) 
[debug] [2020-07-24T10:30:44.840Z] [worker-app-2c0c37c6-3d92-4f7f-b2fd-1e05cacb65e0]: Assigning socketPath: \\?\pipe\C:\Users\Vishal\Desktop\internship\lookslabel\functions\21260 
[debug] [2020-07-24T10:30:44.840Z] [worker-app-2c0c37c6-3d92-4f7f-b2fd-1e05cacb65e0]: BUSY 
[debug] [2020-07-24T10:30:44.841Z] [runtime-status] [21260] Trigger "app" has been found, beginning invocation! 
[info] i  functions: Beginning execution of "app"
[debug] [2020-07-24T10:30:44.843Z] [runtime-status] [21260] triggerDefinition {"httpsTrigger":{},"name":"app","entryPoint":"app"} 
[debug] [2020-07-24T10:30:44.843Z] [runtime-status] [21260] Running app in mode HTTPS 
[debug] [2020-07-24T10:30:44.843Z] [runtime-status] [21260] Attempting to listen to socketPath: \\?\pipe\C:\Users\Vishal\Desktop\internship\lookslabel\functions\21260 
[debug] [2020-07-24T10:30:44.845Z] [functions] Runtime ready! Sending request! 
[debug] [2020-07-24T10:30:44.849Z] [runtime-status] [21260] Ephemeral server handling OPTIONS request 
[debug] [2020-07-24T10:30:44.852Z] [runtime-status] [21260] Ephemeral server survived. 
[info] i  functions: Finished "app" in ~1s
[debug] [2020-07-24T10:30:44.854Z] [worker-app-2c0c37c6-3d92-4f7f-b2fd-1e05cacb65e0]: IDLE 
[debug] [2020-07-24T10:30:44.855Z] [work-queue] {"queueLength":0,"workRunningCount":0}
[debug] [2020-07-24T10:30:44.855Z] [work-queue] {"queueLength":1,"workRunningCount":0}
[debug] [2020-07-24T10:30:44.856Z] [work-queue] {"queueLength":0,"workRunningCount":1}
[debug] [2020-07-24T10:30:44.856Z] Accepted request PUT /spring-internship/us-central1/app/api/admin/uploadlinks --> app
[debug] [2020-07-24T10:30:44.856Z] [worker-pool] submitWork(triggerId=app) 
[debug] [2020-07-24T10:30:44.856Z] [worker-app-2c0c37c6-3d92-4f7f-b2fd-1e05cacb65e0]: Assigning socketPath: \\?\pipe\C:\Users\Vishal\Desktop\internship\lookslabel\functions\21260 
[debug] [2020-07-24T10:30:44.856Z] [worker-app-2c0c37c6-3d92-4f7f-b2fd-1e05cacb65e0]: BUSY 
[debug] [2020-07-24T10:30:44.862Z] [runtime-status] [21260] Trigger "app" has been found, beginning invocation! 
[info] i  functions: Beginning execution of "app"
[debug] [2020-07-24T10:30:44.863Z] [runtime-status] [21260] triggerDefinition {"httpsTrigger":{},"name":"app","entryPoint":"app"} 
[debug] [2020-07-24T10:30:44.866Z] [runtime-status] [21260] Running app in mode HTTPS 
[debug] [2020-07-24T10:30:44.866Z] [runtime-status] [21260] Attempting to listen to socketPath: \\?\pipe\C:\Users\Vishal\Desktop\internship\lookslabel\functions\21260 
[debug] [2020-07-24T10:30:44.867Z] [functions] Runtime ready! Sending request! 
[debug] [2020-07-24T10:30:44.881Z] [runtime-status] [21260] Ephemeral server handling PUT request 
[debug] [2020-07-24T10:30:44.884Z] [runtime-status] [21260] Ephemeral server survived. 
[info] >  [ {"user":"["}
[info] >    { {"user":"  {"}
[info] >      bookingdate: '2020-07-24', {"user":"    bookingdate: '2020-07-24',"}
[info] >      driveLink: 'NO', {"user":"    driveLink: 'NO',"}
[info] >      iuid: 'K4mSMbimtIhCZ5LF5TPmkNxjZlN2', {"user":"    iuid: 'K4mSMbimtIhCZ5LF5TPmkNxjZlN2',"}
[info] >      landmark: 'Jaldhara Chowkdi', {"user":"    landmark: 'Jaldhara Chowkdi',"}
[info] >      link: 'NO', {"user":"    link: 'NO',"}
[info] >      link1: 'NO', {"user":"    link1: 'NO',"}
[info] >      link10: 'NO', {"user":"    link10: 'NO',"}
[info] >      link2: 'vishal', {"user":"    link2: 'vishal',"}
[info] >      link3: 'NO', {"user":"    link3: 'NO',"}
[info] >      link4: 'NO', {"user":"    link4: 'NO',"}
[info] >      link5: 'NO', {"user":"    link5: 'NO',"}
[info] >      link6: 'NO', {"user":"    link6: 'NO',"}
[info] >      link7: 'NO', {"user":"    link7: 'NO',"}
[info] >      link8: 'NO', {"user":"    link8: 'NO',"}
[info] >      link9: 'NO', {"user":"    link9: 'NO',"}
[info] >      numberOfUsers: '2', {"user":"    numberOfUsers: '2',"}
[info] >      phoneNo: '9974989295', {"user":"    phoneNo: '9974989295',"}
[info] >      price: '350', {"user":"    price: '350',"}
[info] >      puid: '1QiwWHr5vROg938jxpVF2jSVsfM2', {"user":"    puid: '1QiwWHr5vROg938jxpVF2jSVsfM2',"}
[info] >      time: '15:18', {"user":"    time: '15:18',"}
[info] >      timestamp: '2020-07-24' {"user":"    timestamp: '2020-07-24'"}
[info] >    } {"user":"  }"}
[info] >  ] {"user":"]"}
[info] >  [2020-07-24T10:30:46.431Z]  @firebase/database: FIREBASE WARNING: Using an unspecified index. Your data will be downloaded and filtered on the client. Consider adding ".indexOn": "iuid" at /BOOKING_DETAILS to your security rules for better performance.  {"user":"[2020-07-24T10:30:46.431Z]  @firebase/database: FIREBASE WARNING: Using an unspecified index. Your data will be downloaded and filtered on the client. Consider adding \".indexOn\": \"iuid\" at /BOOKING_DETAILS to your security rules for better performance. "}
[info] >  [ '-MD-DMjEYHHzYMFC5CKz' ] {"user":"[ '-MD-DMjEYHHzYMFC5CKz' ]"}
[info] >  [ {"user":"["}
[info] >    { {"user":"  {"}
[info] >      bookingdate: '2020-07-24', {"user":"    bookingdate: '2020-07-24',"}
[info] >      driveLink: 'NO', {"user":"    driveLink: 'NO',"}
[info] >      iuid: 'K4mSMbimtIhCZ5LF5TPmkNxjZlN2', {"user":"    iuid: 'K4mSMbimtIhCZ5LF5TPmkNxjZlN2',"}
[info] >      landmark: 'Jaldhara Chowkdi', {"user":"    landmark: 'Jaldhara Chowkdi',"}
[info] >      link: 'NO', {"user":"    link: 'NO',"}
[info] >      link1: 'hii', {"user":"    link1: 'hii',"}
[info] >      link10: 'NO', {"user":"    link10: 'NO',"}
[info] >      link2: 'vishal', {"user":"    link2: 'vishal',"}
[info] >      link3: 'NO', {"user":"    link3: 'NO',"}
[info] >      link4: 'NO', {"user":"    link4: 'NO',"}
[info] >      link5: 'NO', {"user":"    link5: 'NO',"}
[info] >      link6: 'NO', {"user":"    link6: 'NO',"}
[info] >      link7: 'NO', {"user":"    link7: 'NO',"}
[info] >      link8: 'NO', {"user":"    link8: 'NO',"}
[info] >      link9: 'NO', {"user":"    link9: 'NO',"}
[info] >      numberOfUsers: '2', {"user":"    numberOfUsers: '2',"}
[info] >      phoneNo: '9974989295', {"user":"    phoneNo: '9974989295',"}
[info] >      price: '350', {"user":"    price: '350',"}
[info] >      puid: '1QiwWHr5vROg938jxpVF2jSVsfM2', {"user":"    puid: '1QiwWHr5vROg938jxpVF2jSVsfM2',"}
[info] >      time: '15:18', {"user":"    time: '15:18',"}
[info] >      timestamp: '2020-07-24' {"user":"    timestamp: '2020-07-24'"}
[info] >    } {"user":"  }"}
[info] >  ] {"user":"]"}
[info] >  [ '-MD-DMjEYHHzYMFC5CKz' ] {"user":"[ '-MD-DMjEYHHzYMFC5CKz' ]"}
[info] i  functions: Finished "app" in ~1s
[debug] [2020-07-24T10:30:46.463Z] [worker-app-2c0c37c6-3d92-4f7f-b2fd-1e05cacb65e0]: IDLE 
[debug] [2020-07-24T10:30:46.463Z] [work-queue] {"queueLength":0,"workRunningCount":0}
[info] >  [2020-07-24T16:16:05.305Z]  @firebase/database: FIREBASE WARNING: Using an unspecified index. Your data will be downloaded and filtered on the client. Consider adding ".indexOn": "iuid" at /BOOKING_DETAILS to your security rules for better performance.  {"user":"[2020-07-24T16:16:05.305Z]  @firebase/database: FIREBASE WARNING: Using an unspecified index. Your data will be downloaded and filtered on the client. Consider adding \".indexOn\": \"iuid\" at /BOOKING_DETAILS to your security rules for better performance. "}
[info] >  [2020-07-24T16:22:17.669Z]  @firebase/database: FIREBASE WARNING: Using an unspecified index. Your data will be downloaded and filtered on the client. Consider adding ".indexOn": "iuid" at /BOOKING_DETAILS to your security rules for better performance.  {"user":"[2020-07-24T16:22:17.669Z]  @firebase/database: FIREBASE WARNING: Using an unspecified index. Your data will be downloaded and filtered on the client. Consider adding \".indexOn\": \"iuid\" at /BOOKING_DETAILS to your security rules for better performance. "}
